<?xml version="1.0" encoding="UTF-8"?>
<testng-results ignored="0" total="1" passed="1" failed="0" skipped="0">
  <reporter-output>
  </reporter-output>
  <suite started-at="2020-02-17T09:25:41Z" name="Default suite" finished-at="2020-02-17T09:25:57Z" duration-ms="16082">
    <groups>
    </groups>
    <test started-at="2020-02-17T09:25:41Z" name="Default test" finished-at="2020-02-17T09:25:57Z" duration-ms="16082">
      <class name="test.test.AppTest">
        <test-method signature="Verifyvalidlogin()[pri:0, instance:test.test.AppTest@5af97850]" started-at="2020-02-17T09:25:41Z" name="Verifyvalidlogin" finished-at="2020-02-17T09:25:57Z" duration-ms="16051" status="PASS">
          <reporter-output>
          </reporter-output>
        </test-method> <!-- Verifyvalidlogin -->
      </class> <!-- test.test.AppTest -->
    </test> <!-- Default test -->
  </suite> <!-- Default suite -->
</testng-results>
